<?xml version="1.0" encoding="UTF-8" ?>
<testsuite errors="0" failures="0" hostname="Krone" name="LExpTest" tests="50" time="0.508" timestamp="2012-12-20T03:59:11">
  <properties>
[...]
</properties>
  <testcase classname="LExpTest" name="NILinTyyppiOnOikea" time="0.018" />
  <testcase classname="LExpTest" name="NILinSubTyyppiOnOikea" time="0.0010" />
  <testcase classname="LExpTest" name="NILinBodyOnOikea" time="0.0010" />
  <testcase classname="LExpTest" name="NILinToStringMetodiToimii" time="0.0010" />
  <testcase classname="LExpTest" name="uudenIDnTyyppiOnOikea" time="0.0" />
  <testcase classname="LExpTest" name="uudenIDnBodyOnOikea" time="0.0010" />
  <testcase classname="LExpTest" name="uudenIDnSisaltoOnOikea" time="0.0010" />
  <testcase classname="LExpTest" name="iDnToStringMetodiToimii" time="0.0010" />
  <testcase classname="LExpTest" name="uudenApplicationinTyyppiOikea" time="0.0010" />
  <testcase classname="LExpTest" name="uudenApplicationinBodyOikea" time="0.0010" />
  <testcase classname="LExpTest" name="uudenApplicationinProseduuriOikea" time="0.0" />
  <testcase classname="LExpTest" name="uudenApplicationinarvotOikeita" time="0.012" />
  <testcase classname="LExpTest" name="applicationinToStringMetodiToimii" time="0.0010" />
  <testcase classname="LExpTest" name="uudenLambdanTyyppiOikein" time="0.0010" />
  <testcase classname="LExpTest" name="uudenLambdanBodyOikein" time="0.0" />
  <testcase classname="LExpTest" name="uudenLambdanMuuttujatOikein" time="0.02" />
  <testcase classname="LExpTest" name="uudenLambdanlambdaBodyOikein" time="0.0010" />
  <testcase classname="LExpTest" name="uudenLambdanToStringOikein" time="0.012" />
  <testcase classname="LExpTest" name="uudenParinTyyppiOikea" time="0.0070" />
  <testcase classname="LExpTest" name="uudenParinSubTyyppiOikea" time="0.0010" />
  <testcase classname="LExpTest" name="uudenParinBodyOikea" time="0.0010" />
  <testcase classname="LExpTest" name="uudenParinCarOnOikeaKunAtomi" time="0.0010" />
  <testcase classname="LExpTest" name="uudenParinCdrOnOikeaKunAtomi" time="0.0" />
  <testcase classname="LExpTest" name="uudenParinToStringMetodiToimiiKunPelkkiaAtomeja" time="0.0010" />
  <testcase classname="LExpTest" name="uudenParinToStringMetodiToimiiKunListoja" time="0.0010" />
  <testcase classname="LExpTest" name="errorinTyyppiOnOikea" time="0.0010" />
  <testcase classname="LExpTest" name="errorinSubTyyppiOnOikea" time="0.0" />
  <testcase classname="LExpTest" name="errorinBodyOnOikea" time="0.0010" />
  <testcase classname="LExpTest" name="errorinViestiOnOikea" time="0.0" />
  <testcase classname="LExpTest" name="errorinToStringToimii" time="0.0010" />
  <testcase classname="LExpTest" name="uudenLIntinTyyppiOnOikea" time="0.0" />
  <testcase classname="LExpTest" name="uudenLIntinSubTyyppiOnOikea" time="0.0020" />
  <testcase classname="LExpTest" name="uudenLIntinNumberTyyppiOnOikea" time="0.0" />
  <testcase classname="LExpTest" name="uudenLIntinBodyOnOikea" time="0.0010" />
  <testcase classname="LExpTest" name="uudenLIntinArvoOnOikea" time="0.0010" />
  <testcase classname="LExpTest" name="uudenLIntintoStringToimii" time="0.0010" />
  <testcase classname="LExpTest" name="uudenLDoublenTyyppiOnOikea" time="0.0" />
  <testcase classname="LExpTest" name="uudenLDoublenSubTyyppiOnOikea" time="0.0010" />
  <testcase classname="LExpTest" name="uudenLDoublenNumberTyyppiOnOikea" time="0.0030" />
  <testcase classname="LExpTest" name="uudenLDoublenBodyOnOikea" time="0.0" />
  <testcase classname="LExpTest" name="uudenLDoublenArvoOnOikea" time="0.0010" />
  <testcase classname="LExpTest" name="uudenLDoublentoStringToimii" time="0.0010" />
  <testcase classname="LExpTest" name="uudenAtominTyyppiOnOikea" time="0.0010" />
  <testcase classname="LExpTest" name="uudenLAtominSubTyyppiOnOikea" time="0.0" />
  <testcase classname="LExpTest" name="uudenAtominBodyOnOikea" time="0.0010" />
  <testcase classname="LExpTest" name="uudenAtomintoStringMetodiToimii" time="0.0" />
  <testcase classname="LExpTest" name="uudenStringinTyyppiOnOikea" time="0.0010" />
  <testcase classname="LExpTest" name="uudenStringinSubTyyppiOnOikea" time="0.0" />
  <testcase classname="LExpTest" name="uudenStringinBodyOnOikea" time="0.0010" />
  <testcase classname="LExpTest" name="uudenStringintoStringMetodiToimii" time="0.0010" />
  <system-out><![CDATA[]]></system-out>
  <system-err><![CDATA[]]></system-err>
</testsuite>
